<?xml version="1.0" encoding="UTF-8"?>
<testsuite xmlns:xsi="http://www.w3.org/2001/XMLSchema-instance" xsi:noNamespaceSchemaLocation="https://maven.apache.org/surefire/maven-surefire-plugin/xsd/surefire-test-report-3.0.xsd" version="3.0" name="dh.backend.clinicamvc.service.TurnoServiceTest" time="0.027" tests="1" errors="0" skipped="0" failures="0">
  <properties>
[...]
</properties>
  <testcase name="testTurnoRegistrado" classname="dh.backend.clinicamvc.service.TurnoServiceTest" time="0.023">
    <system-out><![CDATA[2024-06-19 00:42:05 [&amp#27;[34mINFO &amp#27;[0;39m] [&amp#27;[36mmain&amp#27;[0;39m] &amp#27;[35mo.s.t.c.s.AnnotationConfigContextLoaderUtils&amp#27;[0;39m - Could not detect default configuration classes for test class [dh.backend.clinicamvc.service.TurnoServiceTest]: TurnoServiceTest does not declare any static, non-private, non-final, nested classes annotated with @Configuration.
2024-06-19 00:42:05 [&amp#27;[34mINFO &amp#27;[0;39m] [&amp#27;[36mmain&amp#27;[0;39m] &amp#27;[35mo.s.b.t.c.SpringBootTestContextBootstrapper&amp#27;[0;39m - Found @SpringBootConfiguration dh.backend.clinicamvc.ClinicaMvcApplication for test class dh.backend.clinicamvc.service.TurnoServiceTest
Hibernate: select p1_0.id,p1_0.apellido,p1_0.dni,d1_0.id,d1_0.calle,d1_0.localidad,d1_0.numero,d1_0.provincia,p1_0.fecha_ingreso,p1_0.nombre from pacientes p1_0 left join domicilios d1_0 on d1_0.id=p1_0.domicilio_id where p1_0.id=?
Hibernate: select o1_0.id,o1_0.apellido,o1_0.nombre,o1_0.nro_matricula from odontologos o1_0 where o1_0.id=?
Hibernate: insert into turnos (fecha,odontologo_id,paciente_id,id) values (?,?,?,default)
2024-06-19 00:42:05 [&amp#27;[34mINFO &amp#27;[0;39m] [&amp#27;[36mmain&amp#27;[0;39m] &amp#27;[35md.b.c.s.TurnoServiceTest&amp#27;[0;39m - Test de Turno registrado exitoso
]]></system-out>
  </testcase>
</testsuite>