<?xml version="1.0" encoding="UTF-8"?>
<testsuite xmlns:xsi="http://www.w3.org/2001/XMLSchema-instance" xsi:noNamespaceSchemaLocation="https://maven.apache.org/surefire/maven-surefire-plugin/xsd/surefire-test-report-3.0.xsd" version="3.0" name="dh.backend.clinicamvc.ClinicaMvcApplicationTests" time="19.757" tests="1" errors="0" skipped="0" failures="0">
  <properties>
[...]
</properties>
  <testcase name="contextLoads" classname="dh.backend.clinicamvc.ClinicaMvcApplicationTests" time="1.708">
    <system-out><![CDATA[16:45:05.547 [main] INFO org.springframework.test.context.support.AnnotationConfigContextLoaderUtils -- Could not detect default configuration classes for test class [dh.backend.clinicamvc.ClinicaMvcApplicationTests]: ClinicaMvcApplicationTests does not declare any static, non-private, non-final, nested classes annotated with @Configuration.
16:45:05.840 [main] INFO org.springframework.boot.test.context.SpringBootTestContextBootstrapper -- Found @SpringBootConfiguration dh.backend.clinicamvc.ClinicaMvcApplication for test class dh.backend.clinicamvc.ClinicaMvcApplicationTests
 ______ __ __         __               _______     __               __          __               __
|      |  |__|.-----.|__|.----.---.-. |       |.--|  |.-----.-----.|  |_.-----.|  |.-----.-----.|__|.----.---.-.
|   ---|  |  ||     ||  ||  __|  _  | |   -   ||  _  ||  _  |     ||   _|  _  ||  ||  _  |  _  ||  ||  __|  _  |
|______|__|__||__|__||__||____|___._| |_______||_____||_____|__|__||____|_____||__||_____|___  ||__||____|___._|
                                                                                         |_____|
 
Powered by Spring Boot 3.2.7-SNAPSHOT
2024-06-13 16:45:07 [&amp#27;[34mINFO &amp#27;[0;39m] [&amp#27;[36mmain&amp#27;[0;39m] &amp#27;[35md.b.c.ClinicaMvcApplicationTests&amp#27;[0;39m - Starting ClinicaMvcApplicationTests using Java 21.0.2 with PID 9320 (started by Yuri Ochoa in C:\Users\Yuri Ochoa\Desktop\EduardoLuna\BACKEND\ProyectoFinalBackeEnd\ClinicaOdontologica)
2024-06-13 16:45:07 [&amp#27;[34mINFO &amp#27;[0;39m] [&amp#27;[36mmain&amp#27;[0;39m] &amp#27;[35md.b.c.ClinicaMvcApplicationTests&amp#27;[0;39m - No active profile set, falling back to 1 default profile: "default"
2024-06-13 16:45:09 [&amp#27;[34mINFO &amp#27;[0;39m] [&amp#27;[36mmain&amp#27;[0;39m] &amp#27;[35mo.s.d.r.c.RepositoryConfigurationDelegate&amp#27;[0;39m - Bootstrapping Spring Data JPA repositories in DEFAULT mode.
2024-06-13 16:45:09 [&amp#27;[34mINFO &amp#27;[0;39m] [&amp#27;[36mmain&amp#27;[0;39m] &amp#27;[35mo.s.d.r.c.RepositoryConfigurationDelegate&amp#27;[0;39m - Finished Spring Data repository scanning in 184 ms. Found 3 JPA repository interfaces.
2024-06-13 16:45:11 [&amp#27;[34mINFO &amp#27;[0;39m] [&amp#27;[36mmain&amp#27;[0;39m] &amp#27;[35mo.h.j.i.u.LogHelper&amp#27;[0;39m - HHH000204: Processing PersistenceUnitInfo [name: default]
2024-06-13 16:45:11 [&amp#27;[34mINFO &amp#27;[0;39m] [&amp#27;[36mmain&amp#27;[0;39m] &amp#27;[35mo.h.Version&amp#27;[0;39m - HHH000412: Hibernate ORM core version 6.4.9.Final
2024-06-13 16:45:11 [&amp#27;[34mINFO &amp#27;[0;39m] [&amp#27;[36mmain&amp#27;[0;39m] &amp#27;[35mo.h.c.i.RegionFactoryInitiator&amp#27;[0;39m - HHH000026: Second-level cache disabled
2024-06-13 16:45:12 [&amp#27;[34mINFO &amp#27;[0;39m] [&amp#27;[36mmain&amp#27;[0;39m] &amp#27;[35mo.s.o.j.p.SpringPersistenceUnitInfo&amp#27;[0;39m - No LoadTimeWeaver setup: ignoring JPA class transformer
2024-06-13 16:45:12 [&amp#27;[34mINFO &amp#27;[0;39m] [&amp#27;[36mmain&amp#27;[0;39m] &amp#27;[35mc.z.h.HikariDataSource&amp#27;[0;39m - HikariPool-1 - Starting...
2024-06-13 16:45:13 [&amp#27;[34mINFO &amp#27;[0;39m] [&amp#27;[36mmain&amp#27;[0;39m] &amp#27;[35mc.z.h.p.HikariPool&amp#27;[0;39m - HikariPool-1 - Added connection conn0: url=jdbc:h2:~/clinicatest11 user=SA
2024-06-13 16:45:13 [&amp#27;[34mINFO &amp#27;[0;39m] [&amp#27;[36mmain&amp#27;[0;39m] &amp#27;[35mc.z.h.HikariDataSource&amp#27;[0;39m - HikariPool-1 - Start completed.
2024-06-13 16:45:17 [&amp#27;[34mINFO &amp#27;[0;39m] [&amp#27;[36mmain&amp#27;[0;39m] &amp#27;[35mo.h.e.t.j.p.i.JtaPlatformInitiator&amp#27;[0;39m - HHH000489: No JTA platform available (set 'hibernate.transaction.jta.platform' to enable JTA platform integration)
2024-06-13 16:45:17 [&amp#27;[34mINFO &amp#27;[0;39m] [&amp#27;[36mmain&amp#27;[0;39m] &amp#27;[35mo.s.o.j.LocalContainerEntityManagerFactoryBean&amp#27;[0;39m - Initialized JPA EntityManagerFactory for persistence unit 'default'
2024-06-13 16:45:19 [&amp#27;[34mINFO &amp#27;[0;39m] [&amp#27;[36mmain&amp#27;[0;39m] &amp#27;[35mo.s.d.j.r.q.QueryEnhancerFactory&amp#27;[0;39m - Hibernate is in classpath; If applicable, HQL parser will be used.
2024-06-13 16:45:21 [&amp#27;[31mWARN &amp#27;[0;39m] [&amp#27;[36mmain&amp#27;[0;39m] &amp#27;[35mo.s.b.a.o.j.JpaBaseConfiguration$JpaWebConfiguration&amp#27;[0;39m - spring.jpa.open-in-view is enabled by default. Therefore, database queries may be performed during view rendering. Explicitly configure spring.jpa.open-in-view to disable this warning
2024-06-13 16:45:21 [&amp#27;[34mINFO &amp#27;[0;39m] [&amp#27;[36mmain&amp#27;[0;39m] &amp#27;[35mo.s.b.a.w.s.WelcomePageHandlerMapping&amp#27;[0;39m - Adding welcome page: class path resource [static/index.html]
2024-06-13 16:45:22 [&amp#27;[34mINFO &amp#27;[0;39m] [&amp#27;[36mmain&amp#27;[0;39m] &amp#27;[35mo.s.b.a.h.H2ConsoleAutoConfiguration&amp#27;[0;39m - H2 console available at '/h2-console'. Database available at 'jdbc:h2:~/clinicatest11'
2024-06-13 16:45:22 [&amp#27;[34mINFO &amp#27;[0;39m] [&amp#27;[36mmain&amp#27;[0;39m] &amp#27;[35md.b.c.ClinicaMvcApplicationTests&amp#27;[0;39m - Started ClinicaMvcApplicationTests in 16.667 seconds (process running for 20.693)
]]></system-out>
    <system-err><![CDATA[WARNING: A Java agent has been loaded dynamically (C:\Users\Yuri Ochoa\.m2\repository\net\bytebuddy\byte-buddy-agent\1.14.17\byte-buddy-agent-1.14.17.jar)
WARNING: If a serviceability tool is in use, please run with -XX:+EnableDynamicAgentLoading to hide this warning
WARNING: If a serviceability tool is not in use, please run with -Djdk.instrument.traceUsage for more information
WARNING: Dynamic loading of agents will be disallowed by default in a future release
]]></system-err>
  </testcase>
</testsuite>